<?xml version="1.0" encoding="UTF-8"?>
<testsuite name="MealPlannerTestS6" tests="1" skipped="0" failures="0" errors="0" timestamp="2021-02-27T23:13:09" hostname="Reds-MBP" time="1.683">
  <properties/>
  <testcase name="start" classname="MealPlannerTestS6" time="1.683"/>
  <system-out><![CDATA[?[1;31m
Start test 1?[0m
What would you like to do (add, show, plan, save, exit)?
> show
Which category do you want to print? (breakfast, lunch, dinner)?
> lunch
No meals found.
What would you like to do (add, show, plan, save, exit)?
?[1;31m
Start test 2?[0m
What would you like to do (add, show, plan, save, exit)?
> save
Write a filename:
> testFile.txt
Save isn't allowed. Plan your meals first.
What would you like to do (add, show, plan, save, exit)?
?[1;31m
Start test 3?[0m
What would you like to do (add, show, plan, save, exit)?
> add
Which meal do you want to add (breakfast, lunch, dinner)?
> breakfast
Meal's name:
> cat
Ingredients:
> bread, peanut butter, jelly
Meal added!
What would you like to do (add, show, plan, save, exit)?
> add
Which meal do you want to add (breakfast, lunch, dinner)?
> breakfast
Meal's name:
> ara
Ingredients:
> tomato, cheese, bread
Meal added!
What would you like to do (add, show, plan, save, exit)?
> add
Which meal do you want to add (breakfast, lunch, dinner)?
> breakfast
Meal's name:
> zebra
Ingredients:
> muesli, milk, nuts
Meal added!
What would you like to do (add, show, plan, save, exit)?
> add
Which meal do you want to add (breakfast, lunch, dinner)?
> lunch
Meal's name:
> dog
Ingredients:
> ketchup, sausage
Meal added!
What would you like to do (add, show, plan, save, exit)?
> add
Which meal do you want to add (breakfast, lunch, dinner)?
> lunch
Meal's name:
> mouse
Ingredients:
> fish, potato
Meal added!
What would you like to do (add, show, plan, save, exit)?
> add
Which meal do you want to add (breakfast, lunch, dinner)?
> dinner
Meal's name:
> lion
Ingredients:
> carmel, nuts, cream
Meal added!
What would you like to do (add, show, plan, save, exit)?
> plan
Monday
cat
ara
zebra
Choose breakfast for Monday from the list above:
> ara
Yeah! We planned the meals for Monday.
dog
mouse
Choose lunch for Monday from the list above:
> dog
Yeah! We planned the meals for Monday.
lion
Choose dinner for Monday from the list above:
> lion
Yeah! We planned the meals for Monday.
Tuesday
cat
ara
zebra
Choose breakfast for Tuesday from the list above:
> parrot
This meal doesn’t exist. Choose a meal from the list above.
> zebra
Yeah! We planned the meals for Tuesday.
dog
mouse
Choose lunch for Tuesday from the list above:
> mouse
Yeah! We planned the meals for Tuesday.
lion
Choose dinner for Tuesday from the list above:
> lion
Yeah! We planned the meals for Tuesday.
Wednesday
cat
ara
zebra
Choose breakfast for Wednesday from the list above:
> zebra
Yeah! We planned the meals for Wednesday.
dog
mouse
Choose lunch for Wednesday from the list above:
> mouse
Yeah! We planned the meals for Wednesday.
lion
Choose dinner for Wednesday from the list above:
> lion
Yeah! We planned the meals for Wednesday.
Thursday
cat
ara
zebra
Choose breakfast for Thursday from the list above:
> zebra
Yeah! We planned the meals for Thursday.
dog
mouse
Choose lunch for Thursday from the list above:
> mouse
Yeah! We planned the meals for Thursday.
lion
Choose dinner for Thursday from the list above:
> lion
Yeah! We planned the meals for Thursday.
Friday
cat
ara
zebra
Choose breakfast for Friday from the list above:
> zebra
Yeah! We planned the meals for Friday.
dog
mouse
Choose lunch for Friday from the list above:
> mouse
Yeah! We planned the meals for Friday.
lion
Choose dinner for Friday from the list above:
> lion
Yeah! We planned the meals for Friday.
Saturday
cat
ara
zebra
Choose breakfast for Saturday from the list above:
> zebra
Yeah! We planned the meals for Saturday.
dog
mouse
Choose lunch for Saturday from the list above:
> mouse
Yeah! We planned the meals for Saturday.
lion
Choose dinner for Saturday from the list above:
> lion
Yeah! We planned the meals for Saturday.
Sunday
cat
ara
zebra
Choose breakfast for Sunday from the list above:
> zebra
Yeah! We planned the meals for Sunday.
dog
mouse
Choose lunch for Sunday from the list above:
> mouse
Yeah! We planned the meals for Sunday.
lion
Choose dinner for Sunday from the list above:
> lion
Yeah! We planned the meals for Sunday.
Monday
Breakfast: ara
Lunch: dog
Dinner: lion

Tuesday
Breakfast: zebra
Lunch: mouse
Dinner: lion

Wednesday
Breakfast: zebra
Lunch: mouse
Dinner: lion

Thursday
Breakfast: zebra
Lunch: mouse
Dinner: lion

Friday
Breakfast: zebra
Lunch: mouse
Dinner: lion

Saturday
Breakfast: zebra
Lunch: mouse
Dinner: lion

Sunday
Breakfast: zebra
Lunch: mouse
Dinner: lion

What would you like to do (add, show, plan, save, exit)?
> save
Write a filename:
> testFile.txt
Saved correctly!
What would you like to do (add, show, plan, save, exit)?
> exit
Bye!
]]></system-out>
  <system-err><![CDATA[]]></system-err>
</testsuite>
